2018-12-26 17:22:16.128  INFO 1 --- [main] ai.yiye.info.InformationApplication      : Starting InformationApplication v1.0.0 on 776856280b32 with PID 1 (/app.jar started by root in /)
2018-12-26 17:22:16.133  INFO 1 --- [main] ai.yiye.info.InformationApplication      : The following profiles are active: test
2018-12-26 17:22:16.887  WARN 1 --- [main] o.m.s.mapper.ClassPathMapperScanner      : No MyBatis mapper was found in '[ai.yiye.Info.mapper]' package. Please check your configuration.
2018-12-26 17:22:17.442  INFO 1 --- [main] trationDelegate$BeanPostProcessorChecker : Bean 'org.springframework.transaction.annotation.ProxyTransactionManagementConfiguration' of type [org.springframework.transaction.annotation.ProxyTransactionManagementConfiguration$$EnhancerBySpringCGLIB$$8027686a] is not eligible for getting processed by all BeanPostProcessors (for example: not eligible for auto-proxying)
2018-12-26 17:22:18.010  INFO 1 --- [main] o.s.b.w.embedded.tomcat.TomcatWebServer  : Tomcat initialized with port(s): 8080 (http)
2018-12-26 17:22:18.160  INFO 1 --- [main] o.s.web.context.ContextLoader            : Root WebApplicationContext: initialization completed in 1970 ms
2018-12-26 17:22:18.364  INFO 1 --- [main] c.a.d.s.b.a.DruidDataSourceAutoConfigure : Init DruidDataSource
2018-12-26 17:22:18.543  INFO 1 --- [main] com.alibaba.druid.pool.DruidDataSource   : {dataSource-1} inited
2018-12-26 17:22:19.611  INFO 1 --- [main] pertySourcedRequestMappingHandlerMapping : Mapped URL path [/v2/api-docs] onto method [public org.springframework.http.ResponseEntity<springfox.documentation.spring.web.json.Json> springfox.documentation.swagger2.web.Swagger2Controller.getDocumentation(java.lang.String,javax.servlet.http.HttpServletRequest)]
2018-12-26 17:22:19.764  INFO 1 --- [main] o.s.s.web.DefaultSecurityFilterChain     : Creating filter chain: Ant [pattern='/**', OPTIONS], []
2018-12-26 17:22:19.764  INFO 1 --- [main] o.s.s.web.DefaultSecurityFilterChain     : Creating filter chain: Ant [pattern='/toutiao/**'], []
2018-12-26 17:22:19.764  INFO 1 --- [main] o.s.s.web.DefaultSecurityFilterChain     : Creating filter chain: Ant [pattern='/api/v1/**'], []
2018-12-26 17:22:19.868  INFO 1 --- [main] o.s.s.web.DefaultSecurityFilterChain     : Creating filter chain: any request, [org.springframework.security.web.context.request.async.WebAsyncManagerIntegrationFilter@16b2bb0c, org.springframework.security.web.context.SecurityContextPersistenceFilter@275bf9b3, org.springframework.security.web.header.HeaderWriterFilter@5b3f61ff, org.springframework.web.filter.CorsFilter@327af41b, org.springframework.security.web.authentication.logout.LogoutFilter@46271dd6, org.springframework.security.web.authentication.www.BasicAuthenticationFilter@662706a7, org.springframework.security.web.savedrequest.RequestCacheAwareFilter@4fbe37eb, org.springframework.security.web.servletapi.SecurityContextHolderAwareRequestFilter@2049a9c1, org.springframework.security.web.authentication.AnonymousAuthenticationFilter@6cb6decd, org.springframework.security.web.session.SessionManagementFilter@398dada8, org.springframework.security.web.access.ExceptionTranslationFilter@1722011b, org.springframework.security.web.access.intercept.FilterSecurityInterceptor@2931522b]
2018-12-26 17:22:20.023  INFO 1 --- [main] o.s.s.concurrent.ThreadPoolTaskExecutor  : Initializing ExecutorService 'applicationTaskExecutor'
2018-12-26 17:22:20.207  INFO 1 --- [main] o.f.c.internal.license.VersionPrinter    : Flyway Community Edition 5.2.3 by Boxfuse
2018-12-26 17:22:20.361  INFO 1 --- [main] o.f.c.internal.database.DatabaseFactory  : Database: jdbc:postgresql://192.168.0.2:5432/info_data (PostgreSQL 11.1)
2018-12-26 17:22:20.394  WARN 1 --- [main] o.f.c.internal.database.base.Database    : Flyway upgrade recommended: PostgreSQL 11.1 is newer than this version of Flyway and support has not been tested.
2018-12-26 17:22:20.502  INFO 1 --- [main] o.f.core.internal.command.DbValidate     : Successfully validated 3 migrations (execution time 00:00.061s)
2018-12-26 17:22:20.525  INFO 1 --- [main] o.f.core.internal.command.DbMigrate      : Current version of schema "public": 1.2
2018-12-26 17:22:20.527  INFO 1 --- [main] o.f.core.internal.command.DbMigrate      : Schema "public" is up to date. No migration necessary.
2018-12-26 17:22:20.712  INFO 1 --- [main] o.s.s.c.ThreadPoolTaskScheduler          : Initializing ExecutorService 'taskScheduler'
2018-12-26 17:22:20.807  INFO 1 --- [main] d.s.w.p.DocumentationPluginsBootstrapper : Context refreshed
2018-12-26 17:22:20.848  INFO 1 --- [main] d.s.w.p.DocumentationPluginsBootstrapper : Found 2 custom documentation plugin(s)
2018-12-26 17:22:20.914  INFO 1 --- [main] s.d.s.w.s.ApiListingReferenceScanner     : Scanning for api listing references
2018-12-26 17:22:21.177  INFO 1 --- [main] .d.s.w.r.o.CachingOperationNameGenerator : Generating unique operation named: getDataUsingGET_1
2018-12-26 17:22:21.218  INFO 1 --- [main] s.d.s.w.s.ApiListingReferenceScanner     : Scanning for api listing references
2018-12-26 17:22:21.229  INFO 1 --- [main] .d.s.w.r.o.CachingOperationNameGenerator : Generating unique operation named: getAppClassListUsingGET_1
2018-12-26 17:22:21.238  INFO 1 --- [main] .d.s.w.r.o.CachingOperationNameGenerator : Generating unique operation named: getDataUsingGET_2
2018-12-26 17:22:21.244  INFO 1 --- [main] .d.s.w.r.o.CachingOperationNameGenerator : Generating unique operation named: getHotTenListUsingGET_1
2018-12-26 17:22:21.253  INFO 1 --- [main] .d.s.w.r.o.CachingOperationNameGenerator : Generating unique operation named: getDataUsingGET_3
2018-12-26 17:22:21.263  INFO 1 --- [main] .d.s.w.r.o.CachingOperationNameGenerator : Generating unique operation named: getStickDataUsingGET_1
2018-12-26 17:22:21.266  INFO 1 --- [main] .d.s.w.r.o.CachingOperationNameGenerator : Generating unique operation named: deleteUsingPOST_1
2018-12-26 17:22:21.270  INFO 1 --- [main] .d.s.w.r.o.CachingOperationNameGenerator : Generating unique operation named: getDataUsingPOST_1
2018-12-26 17:22:21.275  INFO 1 --- [main] .d.s.w.r.o.CachingOperationNameGenerator : Generating unique operation named: getOneDataUsingPOST_1
2018-12-26 17:22:21.355  INFO 1 --- [main] o.s.b.w.embedded.tomcat.TomcatWebServer  : Tomcat started on port(s): 8080 (http) with context path ''
2018-12-26 17:22:21.359  INFO 1 --- [main] ai.yiye.info.InformationApplication      : Started InformationApplication in 5.93 seconds (JVM running for 6.596)
2018-12-26 17:22:23.993  INFO 1 --- [http-nio-8080-exec-2] o.s.web.servlet.DispatcherServlet        : Initializing Servlet 'dispatcherServlet'
2018-12-26 17:22:24.001  INFO 1 --- [http-nio-8080-exec-2] o.s.web.servlet.DispatcherServlet        : Completed initialization in 7 ms
2018-12-26 17:26:43.315  INFO 1 --- [main] ai.yiye.info.InformationApplication      : Starting InformationApplication v1.0.0 on 7b3b8cace089 with PID 1 (/app.jar started by root in /)
2018-12-26 17:26:43.319  INFO 1 --- [main] ai.yiye.info.InformationApplication      : The following profiles are active: test
2018-12-26 17:26:44.104  WARN 1 --- [main] o.m.s.mapper.ClassPathMapperScanner      : No MyBatis mapper was found in '[ai.yiye.Info.mapper]' package. Please check your configuration.
2018-12-26 17:26:44.778  INFO 1 --- [main] trationDelegate$BeanPostProcessorChecker : Bean 'org.springframework.transaction.annotation.ProxyTransactionManagementConfiguration' of type [org.springframework.transaction.annotation.ProxyTransactionManagementConfiguration$$EnhancerBySpringCGLIB$$e8f55b85] is not eligible for getting processed by all BeanPostProcessors (for example: not eligible for auto-proxying)
2018-12-26 17:26:45.309  INFO 1 --- [main] o.s.b.w.embedded.tomcat.TomcatWebServer  : Tomcat initialized with port(s): 8080 (http)
2018-12-26 17:26:45.440  INFO 1 --- [main] o.s.web.context.ContextLoader            : Root WebApplicationContext: initialization completed in 2071 ms
2018-12-26 17:26:45.619  INFO 1 --- [main] c.a.d.s.b.a.DruidDataSourceAutoConfigure : Init DruidDataSource
2018-12-26 17:26:45.794  INFO 1 --- [main] com.alibaba.druid.pool.DruidDataSource   : {dataSource-1} inited
2018-12-26 17:26:46.913  INFO 1 --- [main] pertySourcedRequestMappingHandlerMapping : Mapped URL path [/v2/api-docs] onto method [public org.springframework.http.ResponseEntity<springfox.documentation.spring.web.json.Json> springfox.documentation.swagger2.web.Swagger2Controller.getDocumentation(java.lang.String,javax.servlet.http.HttpServletRequest)]
2018-12-26 17:26:47.134  INFO 1 --- [main] o.s.s.web.DefaultSecurityFilterChain     : Creating filter chain: Ant [pattern='/**', OPTIONS], []
2018-12-26 17:26:47.135  INFO 1 --- [main] o.s.s.web.DefaultSecurityFilterChain     : Creating filter chain: Ant [pattern='/toutiao/**'], []
2018-12-26 17:26:47.135  INFO 1 --- [main] o.s.s.web.DefaultSecurityFilterChain     : Creating filter chain: Ant [pattern='/api/v1/**'], []
2018-12-26 17:26:47.226  INFO 1 --- [main] o.s.s.web.DefaultSecurityFilterChain     : Creating filter chain: any request, [org.springframework.security.web.context.request.async.WebAsyncManagerIntegrationFilter@198d6542, org.springframework.security.web.context.SecurityContextPersistenceFilter@14fa86ae, org.springframework.security.web.header.HeaderWriterFilter@6c372fe6, org.springframework.web.filter.CorsFilter@5e403b4a, org.springframework.security.web.authentication.logout.LogoutFilter@398dada8, org.springframework.security.web.authentication.www.BasicAuthenticationFilter@1a72a540, org.springframework.security.web.savedrequest.RequestCacheAwareFilter@68f1b17f, org.springframework.security.web.servletapi.SecurityContextHolderAwareRequestFilter@5b3f61ff, org.springframework.security.web.authentication.AnonymousAuthenticationFilter@5117dd67, org.springframework.security.web.session.SessionManagementFilter@2a3888c1, org.springframework.security.web.access.ExceptionTranslationFilter@68034211, org.springframework.security.web.access.intercept.FilterSecurityInterceptor@2812b107]
2018-12-26 17:26:47.360  INFO 1 --- [main] o.s.s.concurrent.ThreadPoolTaskExecutor  : Initializing ExecutorService 'applicationTaskExecutor'
2018-12-26 17:26:47.516  INFO 1 --- [main] o.f.c.internal.license.VersionPrinter    : Flyway Community Edition 5.2.3 by Boxfuse
2018-12-26 17:26:47.635  INFO 1 --- [main] o.f.c.internal.database.DatabaseFactory  : Database: jdbc:postgresql://postgres/info_data (PostgreSQL 10.5)
2018-12-26 17:26:47.716  INFO 1 --- [main] o.f.core.internal.command.DbValidate     : Successfully validated 3 migrations (execution time 00:00.032s)
2018-12-26 17:26:47.725  INFO 1 --- [main] o.f.c.i.s.JdbcTableSchemaHistory         : Creating Schema History table: "public"."flyway_schema_history"
2018-12-26 17:26:47.755  INFO 1 --- [main] o.f.core.internal.command.DbMigrate      : Current version of schema "public": << Empty Schema >>
2018-12-26 17:26:47.757  INFO 1 --- [main] o.f.core.internal.command.DbMigrate      : Migrating schema "public" to version 1 - init
2018-12-26 17:26:47.760  WARN 1 --- [main] o.f.c.i.s.DefaultSqlScriptExecutor       : DB: there is already a transaction in progress (SQL State: 25001 - Error Code: 0)
2018-12-26 17:26:47.808  INFO 1 --- [main] o.f.core.internal.command.DbMigrate      : Migrating schema "public" to version 1.1 - menus
2018-12-26 17:26:47.810  WARN 1 --- [main] o.f.c.i.s.DefaultSqlScriptExecutor       : DB: there is already a transaction in progress (SQL State: 25001 - Error Code: 0)
2018-12-26 17:26:47.821  INFO 1 --- [main] o.f.core.internal.command.DbMigrate      : Migrating schema "public" to version 1.2 - tops
2018-12-26 17:26:47.837  INFO 1 --- [main] o.f.core.internal.command.DbMigrate      : Successfully applied 3 migrations to schema "public" (execution time 00:00.113s)
2018-12-26 17:26:47.974  INFO 1 --- [main] o.s.s.c.ThreadPoolTaskScheduler          : Initializing ExecutorService 'taskScheduler'
2018-12-26 17:26:48.041  INFO 1 --- [main] d.s.w.p.DocumentationPluginsBootstrapper : Context refreshed
2018-12-26 17:26:48.065  INFO 1 --- [main] d.s.w.p.DocumentationPluginsBootstrapper : Found 2 custom documentation plugin(s)
2018-12-26 17:26:48.101  INFO 1 --- [main] s.d.s.w.s.ApiListingReferenceScanner     : Scanning for api listing references
2018-12-26 17:26:48.263  INFO 1 --- [main] .d.s.w.r.o.CachingOperationNameGenerator : Generating unique operation named: getDataUsingGET_1
2018-12-26 17:26:48.291  INFO 1 --- [main] s.d.s.w.s.ApiListingReferenceScanner     : Scanning for api listing references
2018-12-26 17:26:48.298  INFO 1 --- [main] .d.s.w.r.o.CachingOperationNameGenerator : Generating unique operation named: getAppClassListUsingGET_1
2018-12-26 17:26:48.303  INFO 1 --- [main] .d.s.w.r.o.CachingOperationNameGenerator : Generating unique operation named: getDataUsingGET_2
2018-12-26 17:26:48.306  INFO 1 --- [main] .d.s.w.r.o.CachingOperationNameGenerator : Generating unique operation named: getHotTenListUsingGET_1
2018-12-26 17:26:48.311  INFO 1 --- [main] .d.s.w.r.o.CachingOperationNameGenerator : Generating unique operation named: getDataUsingGET_3
2018-12-26 17:26:48.317  INFO 1 --- [main] .d.s.w.r.o.CachingOperationNameGenerator : Generating unique operation named: getStickDataUsingGET_1
2018-12-26 17:26:48.319  INFO 1 --- [main] .d.s.w.r.o.CachingOperationNameGenerator : Generating unique operation named: deleteUsingPOST_1
2018-12-26 17:26:48.321  INFO 1 --- [main] .d.s.w.r.o.CachingOperationNameGenerator : Generating unique operation named: getDataUsingPOST_1
2018-12-26 17:26:48.323  INFO 1 --- [main] .d.s.w.r.o.CachingOperationNameGenerator : Generating unique operation named: getOneDataUsingPOST_1
2018-12-26 17:26:48.358  INFO 1 --- [main] o.s.b.w.embedded.tomcat.TomcatWebServer  : Tomcat started on port(s): 8080 (http) with context path ''
2018-12-26 17:26:48.362  INFO 1 --- [main] ai.yiye.info.InformationApplication      : Started InformationApplication in 5.695 seconds (JVM running for 6.327)
2018-12-26 17:27:12.185  INFO 1 --- [http-nio-8080-exec-1] o.s.web.servlet.DispatcherServlet        : Initializing Servlet 'dispatcherServlet'
2018-12-26 17:27:12.195  INFO 1 --- [http-nio-8080-exec-1] o.s.web.servlet.DispatcherServlet        : Completed initialization in 9 ms
